FILE_TYPE=LIBRARY_PARTS;
PRIMITIVE 'B40900B7277M000','B40900B7277M000_Capacitor Al Electrolytic';
  PIN
    '+':
      PIN_NUMBER='(1)';
      NO_LOAD_CHECK=BOTH;
      NO_IO_CHECK=BOTH;
      ALLOW_CONNECT=TRUE;
      PINUSE='UNSPEC';
    '-':
      PIN_NUMBER='(2)';
      NO_LOAD_CHECK=BOTH;
      NO_IO_CHECK=BOTH;
      ALLOW_CONNECT=TRUE;
      PINUSE='UNSPEC';
  END_PIN;
  BODY
    PART_NAME='B40900B7277M000';
    PHYS_DES_PREFIX='C';
    NO_LOAD_CHECK='TRUE';
    PIN_COUNT='2';
    BODY_NAME='B40900B7277M000';
    JEDEC_TYPE='CAPAE1030X1050N';
  END_BODY;
END_PRIMITIVE;
END.
